Determining if the pthread_create exist failed with the following output:
Change Dir: /home/kundan/wheelchair_ws/build_isolated/wheelchair_description/CMakeFiles/CMakeTmp

Run Build Command:"/usr/bin/make" "cmTC_538de/fast"
/usr/bin/make -f CMakeFiles/cmTC_538de.dir/build.make CMakeFiles/cmTC_538de.dir/build
make[1]: Entering directory '/home/kundan/wheelchair_ws/build_isolated/wheelchair_description/CMakeFiles/CMakeTmp'
Building C object CMakeFiles/cmTC_538de.dir/CheckSymbolExists.c.o
/usr/bin/cc    -o CMakeFiles/cmTC_538de.dir/CheckSymbolExists.c.o   -c /home/kundan/wheelchair_ws/build_isolated/wheelchair_description/CMakeFiles/CMakeTmp/CheckSymbolExists.c
Linking C executable cmTC_538de
/usr/bin/cmake -E cmake_link_script CMakeFiles/cmTC_538de.dir/link.txt --verbose=1
/usr/bin/cc      -rdynamic CMakeFiles/cmTC_538de.dir/CheckSymbolExists.c.o  -o cmTC_538de 
CMakeFiles/cmTC_538de.dir/CheckSymbolExists.c.o: In function `main':
CheckSymbolExists.c:(.text+0x1b): undefined reference to `pthread_create'
collect2: error: ld returned 1 exit status
CMakeFiles/cmTC_538de.dir/build.make:97: recipe for target 'cmTC_538de' failed
make[1]: *** [cmTC_538de] Error 1
make[1]: Leaving directory '/home/kundan/wheelchair_ws/build_isolated/wheelchair_description/CMakeFiles/CMakeTmp'
Makefile:126: recipe for target 'cmTC_538de/fast' failed
make: *** [cmTC_538de/fast] Error 2

File /home/kundan/wheelchair_ws/build_isolated/wheelchair_description/CMakeFiles/CMakeTmp/CheckSymbolExists.c:
/* */
#include <pthread.h>

int main(int argc, char** argv)
{
  (void)argv;
#ifndef pthread_create
  return ((int*)(&pthread_create))[argc];
#else
  (void)argc;
  return 0;
#endif
}

Determining if the function pthread_create exists in the pthreads failed with the following output:
Change Dir: /home/kundan/wheelchair_ws/build_isolated/wheelchair_description/CMakeFiles/CMakeTmp

Run Build Command:"/usr/bin/make" "cmTC_5934a/fast"
/usr/bin/make -f CMakeFiles/cmTC_5934a.dir/build.make CMakeFiles/cmTC_5934a.dir/build
make[1]: Entering directory '/home/kundan/wheelchair_ws/build_isolated/wheelchair_description/CMakeFiles/CMakeTmp'
Building C object CMakeFiles/cmTC_5934a.dir/CheckFunctionExists.c.o
/usr/bin/cc   -DCHECK_FUNCTION_EXISTS=pthread_create   -o CMakeFiles/cmTC_5934a.dir/CheckFunctionExists.c.o   -c /usr/share/cmake-3.10/Modules/CheckFunctionExists.c
Linking C executable cmTC_5934a
/usr/bin/cmake -E cmake_link_script CMakeFiles/cmTC_5934a.dir/link.txt --verbose=1
/usr/bin/cc  -DCHECK_FUNCTION_EXISTS=pthread_create    -rdynamic CMakeFiles/cmTC_5934a.dir/CheckFunctionExists.c.o  -o cmTC_5934a -lpthreads 
/usr/bin/ld: cannot find -lpthreads
collect2: error: ld returned 1 exit status
CMakeFiles/cmTC_5934a.dir/build.make:97: recipe for target 'cmTC_5934a' failed
make[1]: *** [cmTC_5934a] Error 1
make[1]: Leaving directory '/home/kundan/wheelchair_ws/build_isolated/wheelchair_description/CMakeFiles/CMakeTmp'
Makefile:126: recipe for target 'cmTC_5934a/fast' failed
make: *** [cmTC_5934a/fast] Error 2


